<?xml version="1.0" encoding="UTF-8"?>
<!-- Generated by org.testng.reporters.JUnitReportReporter -->
<testsuite skipped="0" hostname="DESKTOP-MD8AK54" name="test.LoginTest" tests="1" failures="0" timestamp="2022-02-27T20:03:34 CST" time="3.604" errors="0">
  <testcase name="userShouldBeableToLogin" time="3.604" classname="test.LoginTest"/>
  <system-out/>
</testsuite> <!-- test.LoginTest -->
